<?xml version="1.0" encoding="UTF-8"?>
<!-- Generated by org.testng.reporters.JUnitXMLReporter -->
<testsuite ignored="0" hostname="DESKTOP-U15N31T" failures="0" tests="12" name="Default test" time="76.819" errors="0" timestamp="2022-09-21T14:29:13 IST">
  <testcase classname="com.sgtesting.testng.CreateDeleteTask" name="launchBrowser" time="3.397"/>
  <testcase classname="com.sgtesting.testng.CreateDeleteTask" name="navigate" time="6.635"/>
  <testcase classname="com.sgtesting.testng.CreateDeleteTask" name="login" time="2.359"/>
  <testcase classname="com.sgtesting.testng.CreateDeleteTask" name="minimizeflyOutWindow" time="2.095"/>
  <testcase classname="com.sgtesting.testng.CreateDeleteTask" name="createCustomer" time="19.226"/>
  <testcase classname="com.sgtesting.testng.CreateDeleteTask" name="createProject" time="13.479"/>
  <testcase classname="com.sgtesting.testng.CreateDeleteTask" name="createTask" time="8.528"/>
  <testcase classname="com.sgtesting.testng.CreateDeleteTask" name="deleteTask" time="0.373"/>
  <testcase classname="com.sgtesting.testng.CreateDeleteTask" name="deleteProject" time="8.353"/>
  <testcase classname="com.sgtesting.testng.CreateDeleteTask" name="deleteCustomer" time="6.309"/>
  <testcase classname="com.sgtesting.testng.CreateDeleteTask" name="logout" time="5.639"/>
  <testcase classname="com.sgtesting.testng.CreateDeleteTask" name="closeApplication" time="0.323"/>
</testsuite> <!-- Default test -->
