<?xml version="1.0" encoding="UTF-8"?>
<!-- Generated by org.testng.reporters.JUnitXMLReporter -->
<testsuite ignored="0" hostname="DESKTOP-U15N31T" failures="0" tests="67" name="Test cases" time="306.935" errors="0" timestamp="2022-09-21T15:20:50 IST">
  <testcase classname="com.sgtesting.testng.CreateCustomer" name="launchBrowser" time="5.956"/>
  <testcase classname="com.sgtesting.testng.CreateCustomer" name="navigate" time="6.895"/>
  <testcase classname="com.sgtesting.testng.CreateCustomer" name="login" time="2.412"/>
  <testcase classname="com.sgtesting.testng.CreateCustomer" name="minimizeflyOutWindow" time="2.075"/>
  <testcase classname="com.sgtesting.testng.CreateCustomer" name="createCustomer" time="19.074"/>
  <testcase classname="com.sgtesting.testng.CreateCustomer" name="deleteCustomer" time="6.3"/>
  <testcase classname="com.sgtesting.testng.CreateCustomer" name="logout" time="5.647"/>
  <testcase classname="com.sgtesting.testng.CreateCustomer" name="closeApplication" time="0.446"/>
  <testcase classname="com.sgtesting.testng.CreateDeleteTask" name="launchBrowser" time="0.976"/>
  <testcase classname="com.sgtesting.testng.CreateDeleteTask" name="navigate" time="5.938"/>
  <testcase classname="com.sgtesting.testng.CreateDeleteTask" name="login" time="2.363"/>
  <testcase classname="com.sgtesting.testng.CreateDeleteTask" name="minimizeflyOutWindow" time="2.101"/>
  <testcase classname="com.sgtesting.testng.CreateDeleteTask" name="createCustomer" time="18.857"/>
  <testcase classname="com.sgtesting.testng.CreateDeleteTask" name="createProject" time="13.476"/>
  <testcase classname="com.sgtesting.testng.CreateDeleteTask" name="createTask" time="8.548"/>
  <testcase classname="com.sgtesting.testng.CreateDeleteTask" name="deleteTask" time="0.136"/>
  <testcase classname="com.sgtesting.testng.CreateDeleteTask" name="deleteProject" time="8.354"/>
  <testcase classname="com.sgtesting.testng.CreateDeleteTask" name="deleteCustomer" time="6.333"/>
  <testcase classname="com.sgtesting.testng.CreateDeleteTask" name="logout" time="5.647"/>
  <testcase classname="com.sgtesting.testng.CreateDeleteTask" name="closeApplication" time="0.337"/>
  <testcase classname="com.sgtesting.testng.CreateProject" name="launchBrowser" time="0.92"/>
  <testcase classname="com.sgtesting.testng.CreateProject" name="navigate" time="5.912"/>
  <testcase classname="com.sgtesting.testng.CreateProject" name="login" time="2.226"/>
  <testcase classname="com.sgtesting.testng.CreateProject" name="minimizeflyOutWindow" time="2.081"/>
  <testcase classname="com.sgtesting.testng.CreateProject" name="createCustomer" time="18.806"/>
  <testcase classname="com.sgtesting.testng.CreateProject" name="createProject" time="13.484"/>
  <testcase classname="com.sgtesting.testng.CreateProject" name="deleteProject" time="8.32"/>
  <testcase classname="com.sgtesting.testng.CreateProject" name="deleteCustomer" time="6.318"/>
  <testcase classname="com.sgtesting.testng.CreateProject" name="logout" time="5.61"/>
  <testcase classname="com.sgtesting.testng.CreateProject" name="closeApplication" time="0.34"/>
  <testcase classname="com.sgtesting.testng.CreateUserDeletw" name="launchBrowser" time="1.455"/>
  <testcase classname="com.sgtesting.testng.CreateUserDeletw" name="navigate" time="5.821"/>
  <testcase classname="com.sgtesting.testng.CreateUserDeletw" name="login" time="2.212"/>
  <testcase classname="com.sgtesting.testng.CreateUserDeletw" name="minimizeflyOutWindow" time="2.114"/>
  <testcase classname="com.sgtesting.testng.CreateUserDeletw" name="createuser" time="5.25"/>
  <testcase classname="com.sgtesting.testng.CreateUserDeletw" name="deleteUser" time="0.067"/>
  <testcase classname="com.sgtesting.testng.CreateUserDeletw" name="logout" time="1.17"/>
  <testcase classname="com.sgtesting.testng.CreateUserDeletw" name="closeApplication" time="0.331"/>
  <testcase classname="com.sgtesting.testng.ModifyCustomer" name="launchBrowser" time="1.038"/>
  <testcase classname="com.sgtesting.testng.ModifyCustomer" name="navigate" time="5.731"/>
  <testcase classname="com.sgtesting.testng.ModifyCustomer" name="login" time="2.21"/>
  <testcase classname="com.sgtesting.testng.ModifyCustomer" name="minimizeflyOutWindow" time="2.071"/>
  <testcase classname="com.sgtesting.testng.ModifyCustomer" name="createCustomer" time="18.765"/>
  <testcase classname="com.sgtesting.testng.ModifyCustomer" name="modifyCustomer" time="7.324"/>
  <testcase classname="com.sgtesting.testng.ModifyCustomer" name="deleteCustomer" time="2.104"/>
  <testcase classname="com.sgtesting.testng.ModifyCustomer" name="logout" time="5.249"/>
  <testcase classname="com.sgtesting.testng.ModifyCustomer" name="closeApplication" time="0.322"/>
  <testcase classname="com.sgtesting.testng.ModifyProject" name="launchBrowser" time="0.911"/>
  <testcase classname="com.sgtesting.testng.ModifyProject" name="navigate" time="5.948"/>
  <testcase classname="com.sgtesting.testng.ModifyProject" name="login" time="2.228"/>
  <testcase classname="com.sgtesting.testng.ModifyProject" name="minimizeflyOutWindow" time="2.081"/>
  <testcase classname="com.sgtesting.testng.ModifyProject" name="createCustomer" time="18.812"/>
  <testcase classname="com.sgtesting.testng.ModifyProject" name="createProject" time="1.069"/>
  <testcase classname="com.sgtesting.testng.ModifyProject" name="modifyProject" time="0.024"/>
  <testcase classname="com.sgtesting.testng.ModifyProject" name="deleteProject" time="0.022"/>
  <testcase classname="com.sgtesting.testng.ModifyProject" name="deleteCustomer" time="1.069"/>
  <testcase classname="com.sgtesting.testng.ModifyProject" name="logout" time="1.128"/>
  <testcase classname="com.sgtesting.testng.ModifyProject" name="closeApplication" time="0.333"/>
  <testcase classname="com.sgtesting.testng.ModifyUser" name="launchBrowser" time="0.979"/>
  <testcase classname="com.sgtesting.testng.ModifyUser" name="navigate" time="5.804"/>
  <testcase classname="com.sgtesting.testng.ModifyUser" name="login" time="2.208"/>
  <testcase classname="com.sgtesting.testng.ModifyUser" name="minimizeflyOutWindow" time="2.082"/>
  <testcase classname="com.sgtesting.testng.ModifyUser" name="createuser" time="5.142"/>
  <testcase classname="com.sgtesting.testng.ModifyUser" name="deleteUser" time="0.037"/>
  <testcase classname="com.sgtesting.testng.ModifyUser" name="modifyUser" time="6.281"/>
  <testcase classname="com.sgtesting.testng.ModifyUser" name="logout" time="1.062"/>
  <testcase classname="com.sgtesting.testng.ModifyUser" name="closeApplication" time="0.346"/>
</testsuite> <!-- Test cases -->
