<?xml version="1.0" encoding="UTF-8"?>
<testng-results skipped="0" failed="0" ignored="0" total="1" passed="1">
  <reporter-output>
  </reporter-output>
  <suite name="Default suite" duration-ms="207" started-at="2022-10-03T19:04:59 IST" finished-at="2022-10-03T19:05:00 IST">
    <groups>
    </groups>
    <test name="Default test" duration-ms="207" started-at="2022-10-03T19:04:59 IST" finished-at="2022-10-03T19:05:00 IST">
      <class name="com.sgtesting.ActiTime.stepdefinitions.ForLoopDemo">
        <test-method status="PASS" signature="showNumber()[pri:1, instance:com.sgtesting.ActiTime.stepdefinitions.ForLoopDemo@41fecb8b]" name="showNumber" duration-ms="62" started-at="2022-10-03T19:05:00 IST" finished-at="2022-10-03T19:05:00 IST">
          <reporter-output>
          </reporter-output>
        </test-method> <!-- showNumber -->
      </class> <!-- com.sgtesting.ActiTime.stepdefinitions.ForLoopDemo -->
    </test> <!-- Default test -->
  </suite> <!-- Default suite -->
</testng-results>
