<?xml version="1.0" encoding="UTF-8"?>
<testng-results ignored="0" total="67" passed="67" failed="0" skipped="0">
  <reporter-output>
  </reporter-output>
  <suite started-at="2022-09-21T15:15:42 IST" name="Automation" finished-at="2022-09-21T15:20:49 IST" duration-ms="306935">
    <groups>
    </groups>
    <test started-at="2022-09-21T15:15:42 IST" name="Test cases" finished-at="2022-09-21T15:20:49 IST" duration-ms="306935">
      <class name="com.sgtesting.testng.CreateCustomer">
        <test-method signature="launchBrowser()[pri:1, instance:com.sgtesting.testng.CreateCustomer@20ccf40b]" started-at="2022-09-21T15:15:42 IST" name="launchBrowser" finished-at="2022-09-21T15:15:48 IST" duration-ms="5956" status="PASS">
          <reporter-output>
          </reporter-output>
        </test-method> <!-- launchBrowser -->
        <test-method signature="navigate()[pri:2, instance:com.sgtesting.testng.CreateCustomer@20ccf40b]" started-at="2022-09-21T15:15:48 IST" name="navigate" finished-at="2022-09-21T15:15:55 IST" duration-ms="6895" status="PASS">
          <reporter-output>
          </reporter-output>
        </test-method> <!-- navigate -->
        <test-method signature="login()[pri:3, instance:com.sgtesting.testng.CreateCustomer@20ccf40b]" started-at="2022-09-21T15:15:55 IST" name="login" finished-at="2022-09-21T15:15:58 IST" duration-ms="2412" status="PASS">
          <reporter-output>
          </reporter-output>
        </test-method> <!-- login -->
        <test-method signature="minimizeflyOutWindow()[pri:4, instance:com.sgtesting.testng.CreateCustomer@20ccf40b]" started-at="2022-09-21T15:15:58 IST" name="minimizeflyOutWindow" finished-at="2022-09-21T15:16:00 IST" duration-ms="2075" status="PASS">
          <reporter-output>
          </reporter-output>
        </test-method> <!-- minimizeflyOutWindow -->
        <test-method signature="createCustomer()[pri:5, instance:com.sgtesting.testng.CreateCustomer@20ccf40b]" started-at="2022-09-21T15:16:00 IST" name="createCustomer" finished-at="2022-09-21T15:16:19 IST" duration-ms="19074" status="PASS">
          <reporter-output>
          </reporter-output>
        </test-method> <!-- createCustomer -->
        <test-method signature="deleteCustomer()[pri:6, instance:com.sgtesting.testng.CreateCustomer@20ccf40b]" started-at="2022-09-21T15:16:19 IST" name="deleteCustomer" finished-at="2022-09-21T15:16:25 IST" duration-ms="6300" status="PASS">
          <reporter-output>
          </reporter-output>
        </test-method> <!-- deleteCustomer -->
        <test-method signature="logout()[pri:7, instance:com.sgtesting.testng.CreateCustomer@20ccf40b]" started-at="2022-09-21T15:16:25 IST" name="logout" finished-at="2022-09-21T15:16:31 IST" duration-ms="5647" status="PASS">
          <reporter-output>
          </reporter-output>
        </test-method> <!-- logout -->
        <test-method signature="closeApplication()[pri:8, instance:com.sgtesting.testng.CreateCustomer@20ccf40b]" started-at="2022-09-21T15:16:31 IST" name="closeApplication" finished-at="2022-09-21T15:16:31 IST" duration-ms="446" status="PASS">
          <reporter-output>
          </reporter-output>
        </test-method> <!-- closeApplication -->
      </class> <!-- com.sgtesting.testng.CreateCustomer -->
      <class name="com.sgtesting.testng.ModifyUser">
        <test-method signature="launchBrowser()[pri:1, instance:com.sgtesting.testng.ModifyUser@52af26ee]" started-at="2022-09-21T15:20:25 IST" name="launchBrowser" finished-at="2022-09-21T15:20:26 IST" duration-ms="979" status="PASS">
          <reporter-output>
          </reporter-output>
        </test-method> <!-- launchBrowser -->
        <test-method signature="navigate()[pri:2, instance:com.sgtesting.testng.ModifyUser@52af26ee]" started-at="2022-09-21T15:20:26 IST" name="navigate" finished-at="2022-09-21T15:20:32 IST" duration-ms="5804" status="PASS">
          <reporter-output>
          </reporter-output>
        </test-method> <!-- navigate -->
        <test-method signature="login()[pri:3, instance:com.sgtesting.testng.ModifyUser@52af26ee]" started-at="2022-09-21T15:20:32 IST" name="login" finished-at="2022-09-21T15:20:34 IST" duration-ms="2208" status="PASS">
          <reporter-output>
          </reporter-output>
        </test-method> <!-- login -->
        <test-method signature="minimizeflyOutWindow()[pri:4, instance:com.sgtesting.testng.ModifyUser@52af26ee]" started-at="2022-09-21T15:20:34 IST" name="minimizeflyOutWindow" finished-at="2022-09-21T15:20:36 IST" duration-ms="2082" status="PASS">
          <reporter-output>
          </reporter-output>
        </test-method> <!-- minimizeflyOutWindow -->
        <test-method signature="createuser()[pri:5, instance:com.sgtesting.testng.ModifyUser@52af26ee]" started-at="2022-09-21T15:20:36 IST" name="createuser" finished-at="2022-09-21T15:20:42 IST" duration-ms="5142" status="PASS">
          <reporter-output>
          </reporter-output>
        </test-method> <!-- createuser -->
        <test-method signature="deleteUser()[pri:6, instance:com.sgtesting.testng.ModifyUser@52af26ee]" started-at="2022-09-21T15:20:42 IST" name="deleteUser" finished-at="2022-09-21T15:20:42 IST" duration-ms="37" status="PASS">
          <reporter-output>
          </reporter-output>
        </test-method> <!-- deleteUser -->
        <test-method signature="modifyUser()[pri:6, instance:com.sgtesting.testng.ModifyUser@52af26ee]" started-at="2022-09-21T15:20:42 IST" name="modifyUser" finished-at="2022-09-21T15:20:48 IST" duration-ms="6281" status="PASS">
          <reporter-output>
          </reporter-output>
        </test-method> <!-- modifyUser -->
        <test-method signature="logout()[pri:7, instance:com.sgtesting.testng.ModifyUser@52af26ee]" started-at="2022-09-21T15:20:48 IST" name="logout" finished-at="2022-09-21T15:20:49 IST" duration-ms="1062" status="PASS">
          <reporter-output>
          </reporter-output>
        </test-method> <!-- logout -->
        <test-method signature="closeApplication()[pri:8, instance:com.sgtesting.testng.ModifyUser@52af26ee]" started-at="2022-09-21T15:20:49 IST" name="closeApplication" finished-at="2022-09-21T15:20:49 IST" duration-ms="346" status="PASS">
          <reporter-output>
          </reporter-output>
        </test-method> <!-- closeApplication -->
      </class> <!-- com.sgtesting.testng.ModifyUser -->
      <class name="com.sgtesting.testng.ModifyProject">
        <test-method signature="launchBrowser()[pri:1, instance:com.sgtesting.testng.ModifyProject@306e95ec]" started-at="2022-09-21T15:19:52 IST" name="launchBrowser" finished-at="2022-09-21T15:19:53 IST" duration-ms="911" status="PASS">
          <reporter-output>
          </reporter-output>
        </test-method> <!-- launchBrowser -->
        <test-method signature="navigate()[pri:2, instance:com.sgtesting.testng.ModifyProject@306e95ec]" started-at="2022-09-21T15:19:53 IST" name="navigate" finished-at="2022-09-21T15:19:59 IST" duration-ms="5948" status="PASS">
          <reporter-output>
          </reporter-output>
        </test-method> <!-- navigate -->
        <test-method signature="login(java.lang.String,java.lang.String)[pri:3, instance:com.sgtesting.testng.ModifyProject@306e95ec]" started-at="2022-09-21T15:19:59 IST" name="login" data-provider="credentials" finished-at="2022-09-21T15:20:01 IST" duration-ms="2228" status="PASS">
          <params>
            <param index="0">
              <value>
                <![CDATA[admin]]>
              </value>
            </param>
            <param index="1">
              <value>
                <![CDATA[manager]]>
              </value>
            </param>
          </params>
          <reporter-output>
          </reporter-output>
        </test-method> <!-- login -->
        <test-method signature="minimizeflyOutWindow()[pri:4, instance:com.sgtesting.testng.ModifyProject@306e95ec]" started-at="2022-09-21T15:20:01 IST" name="minimizeflyOutWindow" finished-at="2022-09-21T15:20:03 IST" duration-ms="2081" status="PASS">
          <reporter-output>
          </reporter-output>
        </test-method> <!-- minimizeflyOutWindow -->
        <test-method signature="createCustomer()[pri:5, instance:com.sgtesting.testng.ModifyProject@306e95ec]" started-at="2022-09-21T15:20:03 IST" name="createCustomer" finished-at="2022-09-21T15:20:22 IST" duration-ms="18812" status="PASS">
          <reporter-output>
          </reporter-output>
        </test-method> <!-- createCustomer -->
        <test-method signature="createProject()[pri:6, instance:com.sgtesting.testng.ModifyProject@306e95ec]" started-at="2022-09-21T15:20:22 IST" name="createProject" finished-at="2022-09-21T15:20:23 IST" duration-ms="1069" status="PASS">
          <reporter-output>
          </reporter-output>
        </test-method> <!-- createProject -->
        <test-method signature="modifyProject()[pri:7, instance:com.sgtesting.testng.ModifyProject@306e95ec]" started-at="2022-09-21T15:20:23 IST" name="modifyProject" finished-at="2022-09-21T15:20:23 IST" duration-ms="24" status="PASS">
          <reporter-output>
          </reporter-output>
        </test-method> <!-- modifyProject -->
        <test-method signature="deleteProject()[pri:8, instance:com.sgtesting.testng.ModifyProject@306e95ec]" started-at="2022-09-21T15:20:23 IST" name="deleteProject" finished-at="2022-09-21T15:20:23 IST" duration-ms="22" status="PASS">
          <reporter-output>
          </reporter-output>
        </test-method> <!-- deleteProject -->
        <test-method signature="deleteCustomer()[pri:9, instance:com.sgtesting.testng.ModifyProject@306e95ec]" started-at="2022-09-21T15:20:23 IST" name="deleteCustomer" finished-at="2022-09-21T15:20:24 IST" duration-ms="1069" status="PASS">
          <reporter-output>
          </reporter-output>
        </test-method> <!-- deleteCustomer -->
        <test-method signature="logout()[pri:10, instance:com.sgtesting.testng.ModifyProject@306e95ec]" started-at="2022-09-21T15:20:24 IST" name="logout" finished-at="2022-09-21T15:20:25 IST" duration-ms="1128" status="PASS">
          <reporter-output>
          </reporter-output>
        </test-method> <!-- logout -->
        <test-method signature="closeApplication()[pri:11, instance:com.sgtesting.testng.ModifyProject@306e95ec]" started-at="2022-09-21T15:20:25 IST" name="closeApplication" finished-at="2022-09-21T15:20:25 IST" duration-ms="333" status="PASS">
          <reporter-output>
          </reporter-output>
        </test-method> <!-- closeApplication -->
      </class> <!-- com.sgtesting.testng.ModifyProject -->
      <class name="com.sgtesting.testng.CreateDeleteTask">
        <test-method signature="launchBrowser()[pri:1, instance:com.sgtesting.testng.CreateDeleteTask@21e360a]" started-at="2022-09-21T15:16:31 IST" name="launchBrowser" finished-at="2022-09-21T15:16:32 IST" duration-ms="976" status="PASS">
          <reporter-output>
          </reporter-output>
        </test-method> <!-- launchBrowser -->
        <test-method signature="navigate()[pri:2, instance:com.sgtesting.testng.CreateDeleteTask@21e360a]" started-at="2022-09-21T15:16:32 IST" name="navigate" finished-at="2022-09-21T15:16:38 IST" duration-ms="5938" status="PASS">
          <reporter-output>
          </reporter-output>
        </test-method> <!-- navigate -->
        <test-method signature="login(java.lang.String,java.lang.String)[pri:3, instance:com.sgtesting.testng.CreateDeleteTask@21e360a]" started-at="2022-09-21T15:16:38 IST" name="login" data-provider="credentials" finished-at="2022-09-21T15:16:41 IST" duration-ms="2363" status="PASS">
          <params>
            <param index="0">
              <value>
                <![CDATA[admin]]>
              </value>
            </param>
            <param index="1">
              <value>
                <![CDATA[manager]]>
              </value>
            </param>
          </params>
          <reporter-output>
          </reporter-output>
        </test-method> <!-- login -->
        <test-method signature="minimizeflyOutWindow()[pri:4, instance:com.sgtesting.testng.CreateDeleteTask@21e360a]" started-at="2022-09-21T15:16:41 IST" name="minimizeflyOutWindow" finished-at="2022-09-21T15:16:43 IST" duration-ms="2101" status="PASS">
          <reporter-output>
          </reporter-output>
        </test-method> <!-- minimizeflyOutWindow -->
        <test-method signature="createCustomer()[pri:5, instance:com.sgtesting.testng.CreateDeleteTask@21e360a]" started-at="2022-09-21T15:16:43 IST" name="createCustomer" finished-at="2022-09-21T15:17:02 IST" duration-ms="18857" status="PASS">
          <reporter-output>
          </reporter-output>
        </test-method> <!-- createCustomer -->
        <test-method signature="createProject()[pri:6, instance:com.sgtesting.testng.CreateDeleteTask@21e360a]" started-at="2022-09-21T15:17:02 IST" name="createProject" finished-at="2022-09-21T15:17:15 IST" duration-ms="13476" status="PASS">
          <reporter-output>
          </reporter-output>
        </test-method> <!-- createProject -->
        <test-method signature="createTask()[pri:7, instance:com.sgtesting.testng.CreateDeleteTask@21e360a]" started-at="2022-09-21T15:17:15 IST" name="createTask" finished-at="2022-09-21T15:17:24 IST" duration-ms="8548" status="PASS">
          <reporter-output>
          </reporter-output>
        </test-method> <!-- createTask -->
        <test-method signature="deleteTask()[pri:8, instance:com.sgtesting.testng.CreateDeleteTask@21e360a]" started-at="2022-09-21T15:17:24 IST" name="deleteTask" finished-at="2022-09-21T15:17:24 IST" duration-ms="136" status="PASS">
          <reporter-output>
          </reporter-output>
        </test-method> <!-- deleteTask -->
        <test-method signature="deleteProject()[pri:9, instance:com.sgtesting.testng.CreateDeleteTask@21e360a]" started-at="2022-09-21T15:17:24 IST" name="deleteProject" finished-at="2022-09-21T15:17:32 IST" duration-ms="8354" status="PASS">
          <reporter-output>
          </reporter-output>
        </test-method> <!-- deleteProject -->
        <test-method signature="deleteCustomer()[pri:10, instance:com.sgtesting.testng.CreateDeleteTask@21e360a]" started-at="2022-09-21T15:17:32 IST" name="deleteCustomer" finished-at="2022-09-21T15:17:38 IST" duration-ms="6333" status="PASS">
          <reporter-output>
          </reporter-output>
        </test-method> <!-- deleteCustomer -->
        <test-method signature="logout()[pri:11, instance:com.sgtesting.testng.CreateDeleteTask@21e360a]" started-at="2022-09-21T15:17:38 IST" name="logout" finished-at="2022-09-21T15:17:44 IST" duration-ms="5647" status="PASS">
          <reporter-output>
          </reporter-output>
        </test-method> <!-- logout -->
        <test-method signature="closeApplication()[pri:12, instance:com.sgtesting.testng.CreateDeleteTask@21e360a]" started-at="2022-09-21T15:17:44 IST" name="closeApplication" finished-at="2022-09-21T15:17:44 IST" duration-ms="337" status="PASS">
          <reporter-output>
          </reporter-output>
        </test-method> <!-- closeApplication -->
      </class> <!-- com.sgtesting.testng.CreateDeleteTask -->
      <class name="com.sgtesting.testng.CreateUserDeletw">
        <test-method signature="launchBrowser()[pri:1, instance:com.sgtesting.testng.CreateUserDeletw@74751b3]" started-at="2022-09-21T15:18:48 IST" name="launchBrowser" finished-at="2022-09-21T15:18:50 IST" duration-ms="1455" status="PASS">
          <reporter-output>
          </reporter-output>
        </test-method> <!-- launchBrowser -->
        <test-method signature="navigate()[pri:2, instance:com.sgtesting.testng.CreateUserDeletw@74751b3]" started-at="2022-09-21T15:18:50 IST" name="navigate" finished-at="2022-09-21T15:18:56 IST" duration-ms="5821" status="PASS">
          <reporter-output>
          </reporter-output>
        </test-method> <!-- navigate -->
        <test-method signature="login()[pri:3, instance:com.sgtesting.testng.CreateUserDeletw@74751b3]" started-at="2022-09-21T15:18:56 IST" name="login" finished-at="2022-09-21T15:18:58 IST" duration-ms="2212" status="PASS">
          <reporter-output>
          </reporter-output>
        </test-method> <!-- login -->
        <test-method signature="minimizeflyOutWindow()[pri:4, instance:com.sgtesting.testng.CreateUserDeletw@74751b3]" started-at="2022-09-21T15:18:58 IST" name="minimizeflyOutWindow" finished-at="2022-09-21T15:19:00 IST" duration-ms="2114" status="PASS">
          <reporter-output>
          </reporter-output>
        </test-method> <!-- minimizeflyOutWindow -->
        <test-method signature="createuser()[pri:5, instance:com.sgtesting.testng.CreateUserDeletw@74751b3]" started-at="2022-09-21T15:19:00 IST" name="createuser" finished-at="2022-09-21T15:19:05 IST" duration-ms="5250" status="PASS">
          <reporter-output>
          </reporter-output>
        </test-method> <!-- createuser -->
        <test-method signature="deleteUser()[pri:6, instance:com.sgtesting.testng.CreateUserDeletw@74751b3]" started-at="2022-09-21T15:19:05 IST" name="deleteUser" finished-at="2022-09-21T15:19:05 IST" duration-ms="67" status="PASS">
          <reporter-output>
          </reporter-output>
        </test-method> <!-- deleteUser -->
        <test-method signature="logout()[pri:7, instance:com.sgtesting.testng.CreateUserDeletw@74751b3]" started-at="2022-09-21T15:19:05 IST" name="logout" finished-at="2022-09-21T15:19:07 IST" duration-ms="1170" status="PASS">
          <reporter-output>
          </reporter-output>
        </test-method> <!-- logout -->
        <test-method signature="closeApplication()[pri:8, instance:com.sgtesting.testng.CreateUserDeletw@74751b3]" started-at="2022-09-21T15:19:07 IST" name="closeApplication" finished-at="2022-09-21T15:19:07 IST" duration-ms="331" status="PASS">
          <reporter-output>
          </reporter-output>
        </test-method> <!-- closeApplication -->
      </class> <!-- com.sgtesting.testng.CreateUserDeletw -->
      <class name="com.sgtesting.testng.CreateProject">
        <test-method signature="launchBrowser()[pri:1, instance:com.sgtesting.testng.CreateProject@5ba3f27a]" started-at="2022-09-21T15:17:44 IST" name="launchBrowser" finished-at="2022-09-21T15:17:45 IST" duration-ms="920" status="PASS">
          <reporter-output>
          </reporter-output>
        </test-method> <!-- launchBrowser -->
        <test-method signature="navigate()[pri:2, instance:com.sgtesting.testng.CreateProject@5ba3f27a]" started-at="2022-09-21T15:17:45 IST" name="navigate" finished-at="2022-09-21T15:17:51 IST" duration-ms="5912" status="PASS">
          <reporter-output>
          </reporter-output>
        </test-method> <!-- navigate -->
        <test-method signature="login(java.lang.String,java.lang.String)[pri:3, instance:com.sgtesting.testng.CreateProject@5ba3f27a]" started-at="2022-09-21T15:17:51 IST" name="login" data-provider="credentials" finished-at="2022-09-21T15:17:54 IST" duration-ms="2226" status="PASS">
          <params>
            <param index="0">
              <value>
                <![CDATA[admin]]>
              </value>
            </param>
            <param index="1">
              <value>
                <![CDATA[manager]]>
              </value>
            </param>
          </params>
          <reporter-output>
          </reporter-output>
        </test-method> <!-- login -->
        <test-method signature="minimizeflyOutWindow()[pri:4, instance:com.sgtesting.testng.CreateProject@5ba3f27a]" started-at="2022-09-21T15:17:54 IST" name="minimizeflyOutWindow" finished-at="2022-09-21T15:17:56 IST" duration-ms="2081" status="PASS">
          <reporter-output>
          </reporter-output>
        </test-method> <!-- minimizeflyOutWindow -->
        <test-method signature="createCustomer()[pri:5, instance:com.sgtesting.testng.CreateProject@5ba3f27a]" started-at="2022-09-21T15:17:56 IST" name="createCustomer" finished-at="2022-09-21T15:18:14 IST" duration-ms="18806" status="PASS">
          <reporter-output>
          </reporter-output>
        </test-method> <!-- createCustomer -->
        <test-method signature="createProject()[pri:6, instance:com.sgtesting.testng.CreateProject@5ba3f27a]" started-at="2022-09-21T15:18:14 IST" name="createProject" finished-at="2022-09-21T15:18:28 IST" duration-ms="13484" status="PASS">
          <reporter-output>
          </reporter-output>
        </test-method> <!-- createProject -->
        <test-method signature="deleteProject()[pri:7, instance:com.sgtesting.testng.CreateProject@5ba3f27a]" started-at="2022-09-21T15:18:28 IST" name="deleteProject" finished-at="2022-09-21T15:18:36 IST" duration-ms="8320" status="PASS">
          <reporter-output>
          </reporter-output>
        </test-method> <!-- deleteProject -->
        <test-method signature="deleteCustomer()[pri:8, instance:com.sgtesting.testng.CreateProject@5ba3f27a]" started-at="2022-09-21T15:18:36 IST" name="deleteCustomer" finished-at="2022-09-21T15:18:43 IST" duration-ms="6318" status="PASS">
          <reporter-output>
          </reporter-output>
        </test-method> <!-- deleteCustomer -->
        <test-method signature="logout()[pri:9, instance:com.sgtesting.testng.CreateProject@5ba3f27a]" started-at="2022-09-21T15:18:43 IST" name="logout" finished-at="2022-09-21T15:18:48 IST" duration-ms="5610" status="PASS">
          <reporter-output>
          </reporter-output>
        </test-method> <!-- logout -->
        <test-method signature="closeApplication()[pri:10, instance:com.sgtesting.testng.CreateProject@5ba3f27a]" started-at="2022-09-21T15:18:48 IST" name="closeApplication" finished-at="2022-09-21T15:18:48 IST" duration-ms="340" status="PASS">
          <reporter-output>
          </reporter-output>
        </test-method> <!-- closeApplication -->
      </class> <!-- com.sgtesting.testng.CreateProject -->
      <class name="com.sgtesting.testng.ModifyCustomer">
        <test-method signature="launchBrowser()[pri:1, instance:com.sgtesting.testng.ModifyCustomer@741a8937]" started-at="2022-09-21T15:19:07 IST" name="launchBrowser" finished-at="2022-09-21T15:19:08 IST" duration-ms="1038" status="PASS">
          <reporter-output>
          </reporter-output>
        </test-method> <!-- launchBrowser -->
        <test-method signature="navigate()[pri:2, instance:com.sgtesting.testng.ModifyCustomer@741a8937]" started-at="2022-09-21T15:19:08 IST" name="navigate" finished-at="2022-09-21T15:19:14 IST" duration-ms="5731" status="PASS">
          <reporter-output>
          </reporter-output>
        </test-method> <!-- navigate -->
        <test-method signature="login()[pri:3, instance:com.sgtesting.testng.ModifyCustomer@741a8937]" started-at="2022-09-21T15:19:14 IST" name="login" finished-at="2022-09-21T15:19:16 IST" duration-ms="2210" status="PASS">
          <reporter-output>
          </reporter-output>
        </test-method> <!-- login -->
        <test-method signature="minimizeflyOutWindow()[pri:4, instance:com.sgtesting.testng.ModifyCustomer@741a8937]" started-at="2022-09-21T15:19:16 IST" name="minimizeflyOutWindow" finished-at="2022-09-21T15:19:18 IST" duration-ms="2071" status="PASS">
          <reporter-output>
          </reporter-output>
        </test-method> <!-- minimizeflyOutWindow -->
        <test-method signature="createCustomer()[pri:5, instance:com.sgtesting.testng.ModifyCustomer@741a8937]" started-at="2022-09-21T15:19:18 IST" name="createCustomer" finished-at="2022-09-21T15:19:37 IST" duration-ms="18765" status="PASS">
          <reporter-output>
          </reporter-output>
        </test-method> <!-- createCustomer -->
        <test-method signature="modifyCustomer()[pri:6, instance:com.sgtesting.testng.ModifyCustomer@741a8937]" started-at="2022-09-21T15:19:37 IST" name="modifyCustomer" finished-at="2022-09-21T15:19:44 IST" duration-ms="7324" status="PASS">
          <reporter-output>
          </reporter-output>
        </test-method> <!-- modifyCustomer -->
        <test-method signature="deleteCustomer()[pri:7, instance:com.sgtesting.testng.ModifyCustomer@741a8937]" started-at="2022-09-21T15:19:44 IST" name="deleteCustomer" finished-at="2022-09-21T15:19:46 IST" duration-ms="2104" status="PASS">
          <reporter-output>
          </reporter-output>
        </test-method> <!-- deleteCustomer -->
        <test-method signature="logout()[pri:8, instance:com.sgtesting.testng.ModifyCustomer@741a8937]" started-at="2022-09-21T15:19:46 IST" name="logout" finished-at="2022-09-21T15:19:51 IST" duration-ms="5249" status="PASS">
          <reporter-output>
          </reporter-output>
        </test-method> <!-- logout -->
        <test-method signature="closeApplication()[pri:9, instance:com.sgtesting.testng.ModifyCustomer@741a8937]" started-at="2022-09-21T15:19:51 IST" name="closeApplication" finished-at="2022-09-21T15:19:52 IST" duration-ms="322" status="PASS">
          <reporter-output>
          </reporter-output>
        </test-method> <!-- closeApplication -->
      </class> <!-- com.sgtesting.testng.ModifyCustomer -->
    </test> <!-- Test cases -->
  </suite> <!-- Automation -->
</testng-results>
